TN:
SF:/home/lucascullen/GitHub/GoldSilverStandard/ERC20/src/contracts/Base.sol
FN:40,lastUpdated
FN:44,stockCount
FN:49,decimals
FN:53,totalSupply
FN:57,balanceOf
FN:61,_transfer
FN:89,transfer
FN:94,allowance
FN:98,transferFrom
FN:108,approve
FN:116,burn
FN:133,mint
FN:150,decreaseFee
FN:160,increaseFee
FN:169,addToWhiteList
FN:174,removeFromWhiteList
FN:179,inWhiteList
FN:183,inAnyWhiteList
FN:187,updateBurner
FN:192,updateMinter
FN:197,updateFeeHolder
FN:202,isFeeExempt
FN:206,pauseContract
FN:214,onlyBurner
FN:219,onlyMinter
FNF:25
FNH:24
FNDA:2,lastUpdated
FNDA:2,stockCount
FNDA:1,decimals
FNDA:9,totalSupply
FNDA:19,balanceOf
FNDA:8,_transfer
FNDA:7,transfer
FNDA:0,allowance
FNDA:1,transferFrom
FNDA:1,approve
FNDA:5,burn
FNDA:23,mint
FNDA:3,decreaseFee
FNDA:2,increaseFee
FNDA:6,addToWhiteList
FNDA:1,removeFromWhiteList
FNDA:4,inWhiteList
FNDA:1,inAnyWhiteList
FNDA:1,updateBurner
FNDA:1,updateMinter
FNDA:6,updateFeeHolder
FNDA:9,isFeeExempt
FNDA:1,pauseContract
FNDA:5,onlyBurner
FNDA:23,onlyMinter
DA:41,2
DA:45,2
DA:50,1
DA:54,9
DA:58,19
DA:62,8
DA:63,8
DA:64,8
DA:65,8
DA:67,6
DA:68,5
DA:69,5
DA:71,5
DA:73,1
DA:74,1
DA:76,1
DA:77,0
DA:80,1
DA:81,1
DA:82,1
DA:84,1
DA:85,1
DA:90,7
DA:91,5
DA:95,0
DA:99,1
DA:101,1
DA:102,1
DA:104,1
DA:105,1
DA:109,1
DA:111,1
DA:112,1
DA:113,1
DA:117,5
DA:118,5
DA:121,5
DA:123,3
DA:124,3
DA:126,3
DA:127,3
DA:129,3
DA:130,3
DA:134,23
DA:135,21
DA:136,21
DA:138,21
DA:139,21
DA:141,21
DA:142,21
DA:144,21
DA:145,21
DA:147,21
DA:151,3
DA:152,1
DA:154,1
DA:155,1
DA:157,1
DA:161,2
DA:163,2
DA:164,2
DA:166,2
DA:170,6
DA:171,6
DA:175,1
DA:176,1
DA:180,4
DA:184,1
DA:188,1
DA:189,1
DA:193,1
DA:194,1
DA:198,6
DA:199,6
DA:203,9
DA:207,1
DA:215,5
DA:216,5
DA:220,23
DA:221,23
LF:80
LH:78
BRDA:62,1,0,8
BRDA:62,1,1,0
BRDA:63,2,0,8
BRDA:63,2,1,0
BRDA:64,3,0,8
BRDA:64,3,1,0
BRDA:65,4,0,6
BRDA:65,4,1,2
BRDA:67,5,0,5
BRDA:67,5,1,1
BRDA:76,6,0,0
BRDA:76,6,1,1
BRDA:99,7,0,1
BRDA:99,7,1,0
BRDA:109,8,0,1
BRDA:109,8,1,0
BRDA:117,9,0,5
BRDA:117,9,1,0
BRDA:121,10,0,3
BRDA:121,10,1,2
BRDA:134,11,0,21
BRDA:134,11,1,2
BRDA:135,12,0,21
BRDA:135,12,1,0
BRDA:136,13,0,21
BRDA:136,13,1,0
BRDA:151,14,0,1
BRDA:151,14,1,2
BRDA:152,15,0,1
BRDA:152,15,1,0
BRDA:161,16,0,2
BRDA:161,16,1,0
BRDA:170,17,0,6
BRDA:170,17,1,0
BRDA:175,18,0,1
BRDA:175,18,1,0
BRDA:188,19,0,1
BRDA:188,19,1,0
BRDA:193,20,0,1
BRDA:193,20,1,0
BRDA:198,21,0,6
BRDA:198,21,1,0
BRDA:215,22,0,5
BRDA:215,22,1,0
BRDA:220,23,0,23
BRDA:220,23,1,0
BRF:46
BRH:28
end_of_record
TN:
SF:/home/lucascullen/GitHub/GoldSilverStandard/ERC20/src/contracts/Gold.sol
FN:7,symbol
FN:11,name
FN:15,constructor
FNF:3
FNH:3
FNDA:1,symbol
FNDA:1,name
FNDA:32,constructor
DA:8,1
DA:12,1
DA:16,32
DA:17,32
DA:20,32
DA:21,32
DA:22,32
DA:23,32
LF:8
LH:8
BRF:0
BRH:0
end_of_record
TN:
SF:/home/lucascullen/GitHub/GoldSilverStandard/ERC20/src/contracts/IERC20.sol
FNF:0
FNH:0
LF:0
LH:0
BRF:0
BRH:0
end_of_record
TN:
SF:/home/lucascullen/GitHub/GoldSilverStandard/ERC20/src/contracts/Ownable.sol
FN:8,constructor
FN:12,onlyOwner
FN:17,transferOwnership
FNF:3
FNH:2
FNDA:35,constructor
FNDA:21,onlyOwner
FNDA:0,transferOwnership
DA:9,35
DA:13,21
DA:14,21
DA:18,0
DA:19,0
DA:20,0
LF:6
LH:3
BRDA:13,1,0,21
BRDA:13,1,1,0
BRDA:18,2,0,0
BRDA:18,2,1,0
BRF:4
BRH:1
end_of_record
TN:
SF:/home/lucascullen/GitHub/GoldSilverStandard/ERC20/src/contracts/SafeMath.sol
FN:27,add
FN:43,sub
FN:56,sub
FN:72,mul
FN:97,div
FN:112,div
FN:132,mod
FN:147,mod
FNF:8
FNH:6
FNDA:72,add
FNDA:18,sub
FNDA:18,sub
FNDA:1,mul
FNDA:1,div
FNDA:1,div
FNDA:0,mod
FNDA:0,mod
DA:28,72
DA:29,72
DA:31,72
DA:44,18
DA:57,18
DA:58,18
DA:60,18
DA:76,1
DA:77,0
DA:80,1
DA:81,1
DA:83,1
DA:98,1
DA:114,1
DA:115,1
DA:118,1
DA:133,0
DA:148,0
DA:149,0
LF:19
LH:15
BRDA:29,1,0,72
BRDA:29,1,1,0
BRDA:57,2,0,18
BRDA:57,2,1,0
BRDA:76,3,0,0
BRDA:76,3,1,1
BRDA:81,4,0,1
BRDA:81,4,1,0
BRDA:114,5,0,1
BRDA:114,5,1,0
BRDA:148,6,0,0
BRDA:148,6,1,0
BRF:12
BRH:5
end_of_record
TN:
SF:/home/lucascullen/GitHub/GoldSilverStandard/ERC20/src/contracts/Silver.sol
FN:7,symbol
FN:11,name
FN:15,constructor
FNF:3
FNH:1
FNDA:0,symbol
FNDA:0,name
FNDA:3,constructor
DA:8,0
DA:12,0
DA:16,3
DA:17,3
DA:20,3
DA:21,3
DA:22,3
DA:23,3
LF:8
LH:6
BRF:0
BRH:0
end_of_record
