TN:
SF:/home/lucascullen/GitHub/GoldSilverStandard/ERC20/src/contracts/Base.sol
FN:23,stockCount
FN:28,decimals
FN:32,totalSupply
FN:36,balanceOf
FN:40,_transfer
FN:51,transfer
FN:56,allowance
FN:60,transferFrom
FN:70,approve
FN:78,burn
FN:95,mint
FN:112,updateBurner
FN:117,updateMinter
FN:126,onlyBurner
FN:131,onlyMinter
FNF:15
FNH:13
FNDA:2,stockCount
FNDA:0,decimals
FNDA:7,totalSupply
FNDA:12,balanceOf
FNDA:6,_transfer
FNDA:5,transfer
FNDA:0,allowance
FNDA:1,transferFrom
FNDA:1,approve
FNDA:5,burn
FNDA:14,mint
FNDA:1,updateBurner
FNDA:1,updateMinter
FNDA:5,onlyBurner
FNDA:14,onlyMinter
DA:24,2
DA:29,0
DA:33,7
DA:37,12
DA:41,6
DA:42,6
DA:43,6
DA:45,4
DA:46,4
DA:48,4
DA:52,5
DA:53,3
DA:57,0
DA:61,1
DA:63,1
DA:64,1
DA:66,1
DA:67,1
DA:71,1
DA:73,1
DA:74,1
DA:75,1
DA:79,5
DA:80,5
DA:82,5
DA:83,3
DA:85,1
DA:86,1
DA:88,1
DA:89,1
DA:91,1
DA:92,1
DA:96,14
DA:97,10
DA:98,10
DA:100,10
DA:101,10
DA:103,10
DA:104,10
DA:106,10
DA:107,10
DA:109,10
DA:113,1
DA:114,1
DA:118,1
DA:119,1
DA:127,5
DA:128,5
DA:132,14
DA:133,14
LF:50
LH:48
BRDA:41,1,0,6
BRDA:41,1,1,0
BRDA:42,2,0,6
BRDA:42,2,1,0
BRDA:43,3,0,4
BRDA:43,3,1,2
BRDA:61,4,0,1
BRDA:61,4,1,0
BRDA:71,5,0,1
BRDA:71,5,1,0
BRDA:79,6,0,5
BRDA:79,6,1,0
BRDA:82,7,0,3
BRDA:82,7,1,2
BRDA:83,8,0,1
BRDA:83,8,1,2
BRDA:96,9,0,10
BRDA:96,9,1,4
BRDA:97,10,0,10
BRDA:97,10,1,0
BRDA:98,11,0,10
BRDA:98,11,1,0
BRDA:113,12,0,1
BRDA:113,12,1,0
BRDA:118,13,0,1
BRDA:118,13,1,0
BRDA:127,14,0,5
BRDA:127,14,1,0
BRDA:132,15,0,14
BRDA:132,15,1,0
BRF:30
BRH:19
end_of_record
TN:
SF:/home/lucascullen/GitHub/GoldSilverStandard/ERC20/src/contracts/Gold.sol
FN:8,symbol
FN:12,name
FN:16,constructor
FNF:3
FNH:3
FNDA:1,symbol
FNDA:1,name
FNDA:18,constructor
DA:9,1
DA:13,1
DA:17,18
DA:18,18
LF:4
LH:4
BRF:0
BRH:0
end_of_record
TN:
SF:/home/lucascullen/GitHub/GoldSilverStandard/ERC20/src/contracts/Silver.sol
FN:8,symbol
FN:12,name
FN:16,constructor
FNF:3
FNH:0
FNDA:0,symbol
FNDA:0,name
FNDA:0,constructor
DA:9,0
DA:13,0
DA:17,0
DA:18,0
LF:4
LH:0
BRF:0
BRH:0
end_of_record
