{"contracts/Base.sol":{"l":{"24":2,"29":0,"33":7,"37":12,"41":6,"42":6,"43":6,"45":4,"46":4,"48":4,"52":5,"53":3,"57":0,"61":1,"63":1,"64":1,"66":1,"67":1,"71":1,"73":1,"74":1,"75":1,"79":5,"80":5,"82":5,"83":3,"85":1,"86":1,"88":1,"89":1,"91":1,"92":1,"96":14,"97":10,"98":10,"100":10,"101":10,"103":10,"104":10,"106":10,"107":10,"109":10,"113":1,"114":1,"118":1,"119":1,"127":5,"128":5,"132":14,"133":14},"path":"/home/lucascullen/GitHub/GoldSilverStandard/ERC20/src/contracts/Base.sol","s":{"1":2,"2":0,"3":7,"4":12,"5":6,"6":6,"7":6,"8":4,"9":4,"10":4,"11":5,"12":3,"13":0,"14":1,"15":1,"16":1,"17":1,"18":1,"19":1,"20":1,"21":1,"22":1,"23":5,"24":5,"25":5,"26":3,"27":1,"28":1,"29":1,"30":1,"31":1,"32":1,"33":14,"34":10,"35":10,"36":10,"37":10,"38":10,"39":10,"40":10,"41":10,"42":10,"43":1,"44":1,"45":1,"46":1,"47":5,"48":14},"b":{"1":[6,0],"2":[6,0],"3":[4,2],"4":[1,0],"5":[1,0],"6":[5,0],"7":[3,2],"8":[1,2],"9":[10,4],"10":[10,0],"11":[10,0],"12":[1,0],"13":[1,0],"14":[5,0],"15":[14,0]},"f":{"1":2,"2":0,"3":7,"4":12,"5":6,"6":5,"7":0,"8":1,"9":1,"10":5,"11":14,"12":1,"13":1,"14":5,"15":14},"fnMap":{"1":{"name":"stockCount","line":23,"loc":{"start":{"line":23,"column":4},"end":{"line":25,"column":4}}},"2":{"name":"decimals","line":28,"loc":{"start":{"line":28,"column":4},"end":{"line":30,"column":4}}},"3":{"name":"totalSupply","line":32,"loc":{"start":{"line":32,"column":4},"end":{"line":34,"column":4}}},"4":{"name":"balanceOf","line":36,"loc":{"start":{"line":36,"column":4},"end":{"line":38,"column":4}}},"5":{"name":"_transfer","line":40,"loc":{"start":{"line":40,"column":4},"end":{"line":49,"column":4}}},"6":{"name":"transfer","line":51,"loc":{"start":{"line":51,"column":4},"end":{"line":54,"column":4}}},"7":{"name":"allowance","line":56,"loc":{"start":{"line":56,"column":4},"end":{"line":58,"column":4}}},"8":{"name":"transferFrom","line":60,"loc":{"start":{"line":60,"column":4},"end":{"line":68,"column":4}}},"9":{"name":"approve","line":70,"loc":{"start":{"line":70,"column":4},"end":{"line":76,"column":4}}},"10":{"name":"burn","line":78,"loc":{"start":{"line":78,"column":4},"end":{"line":93,"column":4}}},"11":{"name":"mint","line":95,"loc":{"start":{"line":95,"column":4},"end":{"line":110,"column":4}}},"12":{"name":"updateBurner","line":112,"loc":{"start":{"line":112,"column":4},"end":{"line":115,"column":4}}},"13":{"name":"updateMinter","line":117,"loc":{"start":{"line":117,"column":4},"end":{"line":120,"column":4}}},"14":{"name":"onlyBurner","line":126,"loc":{"start":{"line":126,"column":4},"end":{"line":129,"column":4}}},"15":{"name":"onlyMinter","line":131,"loc":{"start":{"line":131,"column":4},"end":{"line":134,"column":4}}}},"statementMap":{"1":{"start":{"line":24,"column":8},"end":{"line":24,"column":26}},"2":{"start":{"line":29,"column":8},"end":{"line":29,"column":16}},"3":{"start":{"line":33,"column":8},"end":{"line":33,"column":27}},"4":{"start":{"line":37,"column":8},"end":{"line":37,"column":31}},"5":{"start":{"line":41,"column":8},"end":{"line":41,"column":54}},"6":{"start":{"line":42,"column":8},"end":{"line":42,"column":58}},"7":{"start":{"line":43,"column":8},"end":{"line":43,"column":62}},"8":{"start":{"line":45,"column":8},"end":{"line":45,"column":51}},"9":{"start":{"line":46,"column":8},"end":{"line":46,"column":47}},"10":{"start":{"line":48,"column":8},"end":{"line":48,"column":38}},"11":{"start":{"line":52,"column":8},"end":{"line":52,"column":39}},"12":{"start":{"line":53,"column":8},"end":{"line":53,"column":19}},"13":{"start":{"line":57,"column":8},"end":{"line":57,"column":44}},"14":{"start":{"line":61,"column":8},"end":{"line":61,"column":51}},"15":{"start":{"line":63,"column":8},"end":{"line":63,"column":73}},"16":{"start":{"line":64,"column":8},"end":{"line":64,"column":33}},"17":{"start":{"line":66,"column":8},"end":{"line":66,"column":67}},"18":{"start":{"line":67,"column":8},"end":{"line":67,"column":19}},"19":{"start":{"line":71,"column":8},"end":{"line":71,"column":56}},"20":{"start":{"line":73,"column":8},"end":{"line":73,"column":44}},"21":{"start":{"line":74,"column":8},"end":{"line":74,"column":49}},"22":{"start":{"line":75,"column":8},"end":{"line":75,"column":19}},"23":{"start":{"line":79,"column":8},"end":{"line":79,"column":60}},"24":{"start":{"line":80,"column":8},"end":{"line":80,"column":37}},"25":{"start":{"line":82,"column":8},"end":{"line":82,"column":42}},"26":{"start":{"line":83,"column":8},"end":{"line":83,"column":76}},"27":{"start":{"line":85,"column":8},"end":{"line":85,"column":24}},"28":{"start":{"line":86,"column":8},"end":{"line":86,"column":57}},"29":{"start":{"line":88,"column":8},"end":{"line":88,"column":39}},"30":{"start":{"line":89,"column":8},"end":{"line":89,"column":45}},"31":{"start":{"line":91,"column":8},"end":{"line":91,"column":49}},"32":{"start":{"line":92,"column":8},"end":{"line":92,"column":34}},"33":{"start":{"line":96,"column":8},"end":{"line":96,"column":60}},"34":{"start":{"line":97,"column":8},"end":{"line":97,"column":54}},"35":{"start":{"line":98,"column":8},"end":{"line":98,"column":61}},"36":{"start":{"line":100,"column":8},"end":{"line":100,"column":28}},"37":{"start":{"line":101,"column":8},"end":{"line":101,"column":39}},"38":{"start":{"line":103,"column":8},"end":{"line":103,"column":45}},"39":{"start":{"line":104,"column":8},"end":{"line":104,"column":47}},"40":{"start":{"line":106,"column":8},"end":{"line":106,"column":41}},"41":{"start":{"line":107,"column":8},"end":{"line":107,"column":34}},"42":{"start":{"line":109,"column":8},"end":{"line":109,"column":19}},"43":{"start":{"line":113,"column":8},"end":{"line":113,"column":52}},"44":{"start":{"line":114,"column":8},"end":{"line":114,"column":19}},"45":{"start":{"line":118,"column":8},"end":{"line":118,"column":52}},"46":{"start":{"line":119,"column":8},"end":{"line":119,"column":19}},"47":{"start":{"line":127,"column":8},"end":{"line":127,"column":62}},"48":{"start":{"line":132,"column":8},"end":{"line":132,"column":62}}},"branchMap":{"1":{"line":41,"type":"if","locations":[{"start":{"line":41,"column":8},"end":{"line":41,"column":8}},{"start":{"line":41,"column":8},"end":{"line":41,"column":8}}]},"2":{"line":42,"type":"if","locations":[{"start":{"line":42,"column":8},"end":{"line":42,"column":8}},{"start":{"line":42,"column":8},"end":{"line":42,"column":8}}]},"3":{"line":43,"type":"if","locations":[{"start":{"line":43,"column":8},"end":{"line":43,"column":8}},{"start":{"line":43,"column":8},"end":{"line":43,"column":8}}]},"4":{"line":61,"type":"if","locations":[{"start":{"line":61,"column":8},"end":{"line":61,"column":8}},{"start":{"line":61,"column":8},"end":{"line":61,"column":8}}]},"5":{"line":71,"type":"if","locations":[{"start":{"line":71,"column":8},"end":{"line":71,"column":8}},{"start":{"line":71,"column":8},"end":{"line":71,"column":8}}]},"6":{"line":79,"type":"if","locations":[{"start":{"line":79,"column":8},"end":{"line":79,"column":8}},{"start":{"line":79,"column":8},"end":{"line":79,"column":8}}]},"7":{"line":82,"type":"if","locations":[{"start":{"line":82,"column":8},"end":{"line":82,"column":8}},{"start":{"line":82,"column":8},"end":{"line":82,"column":8}}]},"8":{"line":83,"type":"if","locations":[{"start":{"line":83,"column":8},"end":{"line":83,"column":8}},{"start":{"line":83,"column":8},"end":{"line":83,"column":8}}]},"9":{"line":96,"type":"if","locations":[{"start":{"line":96,"column":8},"end":{"line":96,"column":8}},{"start":{"line":96,"column":8},"end":{"line":96,"column":8}}]},"10":{"line":97,"type":"if","locations":[{"start":{"line":97,"column":8},"end":{"line":97,"column":8}},{"start":{"line":97,"column":8},"end":{"line":97,"column":8}}]},"11":{"line":98,"type":"if","locations":[{"start":{"line":98,"column":8},"end":{"line":98,"column":8}},{"start":{"line":98,"column":8},"end":{"line":98,"column":8}}]},"12":{"line":113,"type":"if","locations":[{"start":{"line":113,"column":8},"end":{"line":113,"column":8}},{"start":{"line":113,"column":8},"end":{"line":113,"column":8}}]},"13":{"line":118,"type":"if","locations":[{"start":{"line":118,"column":8},"end":{"line":118,"column":8}},{"start":{"line":118,"column":8},"end":{"line":118,"column":8}}]},"14":{"line":127,"type":"if","locations":[{"start":{"line":127,"column":8},"end":{"line":127,"column":8}},{"start":{"line":127,"column":8},"end":{"line":127,"column":8}}]},"15":{"line":132,"type":"if","locations":[{"start":{"line":132,"column":8},"end":{"line":132,"column":8}},{"start":{"line":132,"column":8},"end":{"line":132,"column":8}}]}}},"contracts/Gold.sol":{"l":{"9":1,"13":1,"17":18,"18":18},"path":"/home/lucascullen/GitHub/GoldSilverStandard/ERC20/src/contracts/Gold.sol","s":{"1":1,"2":1,"3":18,"4":18},"b":{},"f":{"1":1,"2":1,"3":18},"fnMap":{"1":{"name":"symbol","line":8,"loc":{"start":{"line":8,"column":4},"end":{"line":10,"column":4}}},"2":{"name":"name","line":12,"loc":{"start":{"line":12,"column":4},"end":{"line":14,"column":4}}},"3":{"name":"constructor","line":16,"loc":{"start":{"line":16,"column":4},"end":{"line":19,"column":4}}}},"statementMap":{"1":{"start":{"line":9,"column":8},"end":{"line":9,"column":20}},"2":{"start":{"line":13,"column":8},"end":{"line":13,"column":30}},"3":{"start":{"line":17,"column":8},"end":{"line":17,"column":26}},"4":{"start":{"line":18,"column":8},"end":{"line":18,"column":26}}},"branchMap":{}},"contracts/Silver.sol":{"l":{"9":0,"13":0,"17":0,"18":0},"path":"/home/lucascullen/GitHub/GoldSilverStandard/ERC20/src/contracts/Silver.sol","s":{"1":0,"2":0,"3":0,"4":0},"b":{},"f":{"1":0,"2":0,"3":0},"fnMap":{"1":{"name":"symbol","line":8,"loc":{"start":{"line":8,"column":4},"end":{"line":10,"column":4}}},"2":{"name":"name","line":12,"loc":{"start":{"line":12,"column":4},"end":{"line":14,"column":4}}},"3":{"name":"constructor","line":16,"loc":{"start":{"line":16,"column":4},"end":{"line":19,"column":4}}}},"statementMap":{"1":{"start":{"line":9,"column":8},"end":{"line":9,"column":20}},"2":{"start":{"line":13,"column":8},"end":{"line":13,"column":32}},"3":{"start":{"line":17,"column":8},"end":{"line":17,"column":26}},"4":{"start":{"line":18,"column":8},"end":{"line":18,"column":26}}},"branchMap":{}}}