{"contracts/Base.sol":{"l":{"41":2,"45":2,"50":1,"54":9,"58":19,"62":8,"63":8,"64":8,"65":8,"67":6,"68":5,"69":5,"71":5,"73":1,"74":1,"76":1,"77":0,"80":1,"81":1,"82":1,"84":1,"85":1,"90":7,"91":5,"95":0,"99":1,"101":1,"102":1,"104":1,"105":1,"109":1,"111":1,"112":1,"113":1,"117":5,"118":5,"121":5,"123":3,"124":3,"126":3,"127":3,"129":3,"130":3,"134":23,"135":21,"136":21,"138":21,"139":21,"141":21,"142":21,"144":21,"145":21,"147":21,"151":3,"152":1,"154":1,"155":1,"157":1,"161":2,"163":2,"164":2,"166":2,"170":6,"171":6,"175":1,"176":1,"180":4,"184":1,"188":1,"189":1,"193":1,"194":1,"198":6,"199":6,"203":9,"207":1,"215":5,"216":5,"220":23,"221":23},"path":"/home/lucascullen/GitHub/GoldSilverStandard/ERC20/src/contracts/Base.sol","s":{"1":2,"2":2,"3":1,"4":9,"5":19,"6":8,"7":8,"8":8,"9":8,"10":6,"11":5,"12":5,"13":5,"14":1,"15":1,"16":1,"17":0,"18":1,"19":1,"20":1,"21":1,"22":1,"23":7,"24":5,"25":0,"26":1,"27":1,"28":1,"29":1,"30":1,"31":1,"32":1,"33":1,"34":1,"35":5,"36":5,"37":5,"38":3,"39":3,"40":3,"41":3,"42":3,"43":3,"44":23,"45":21,"46":21,"47":21,"48":21,"49":21,"50":21,"51":21,"52":21,"53":21,"54":3,"55":1,"56":1,"57":1,"58":1,"59":2,"60":2,"61":2,"62":2,"63":6,"64":6,"65":1,"66":4,"67":1,"68":1,"69":1,"70":1,"71":1,"72":6,"73":6,"74":9,"75":1,"76":5,"77":23},"b":{"1":[8,0],"2":[8,0],"3":[8,0],"4":[6,2],"5":[5,1],"6":[0,1],"7":[1,0],"8":[1,0],"9":[5,0],"10":[3,2],"11":[21,2],"12":[21,0],"13":[21,0],"14":[1,2],"15":[1,0],"16":[2,0],"17":[6,0],"18":[1,0],"19":[1,0],"20":[1,0],"21":[6,0],"22":[5,0],"23":[23,0]},"f":{"1":2,"2":2,"3":1,"4":9,"5":19,"6":8,"7":7,"8":0,"9":1,"10":1,"11":5,"12":23,"13":3,"14":2,"15":6,"16":1,"17":4,"18":1,"19":1,"20":1,"21":6,"22":9,"23":1,"24":5,"25":23},"fnMap":{"1":{"name":"lastUpdated","line":40,"loc":{"start":{"line":40,"column":4},"end":{"line":40,"column":54}}},"2":{"name":"stockCount","line":44,"loc":{"start":{"line":44,"column":4},"end":{"line":44,"column":53}}},"3":{"name":"decimals","line":49,"loc":{"start":{"line":49,"column":4},"end":{"line":49,"column":49}}},"4":{"name":"totalSupply","line":53,"loc":{"start":{"line":53,"column":4},"end":{"line":53,"column":63}}},"5":{"name":"balanceOf","line":57,"loc":{"start":{"line":57,"column":4},"end":{"line":57,"column":80}}},"6":{"name":"_transfer","line":61,"loc":{"start":{"line":61,"column":4},"end":{"line":61,"column":70}}},"7":{"name":"transfer","line":89,"loc":{"start":{"line":89,"column":4},"end":{"line":89,"column":77}}},"8":{"name":"allowance","line":94,"loc":{"start":{"line":94,"column":4},"end":{"line":94,"column":103}}},"9":{"name":"transferFrom","line":98,"loc":{"start":{"line":98,"column":4},"end":{"line":98,"column":103}}},"10":{"name":"approve","line":108,"loc":{"start":{"line":108,"column":4},"end":{"line":108,"column":81}}},"11":{"name":"burn","line":116,"loc":{"start":{"line":116,"column":70},"end":{"line":116,"column":3}}},"12":{"name":"mint","line":133,"loc":{"start":{"line":133,"column":97},"end":{"line":133,"column":17}}},"13":{"name":"decreaseFee","line":150,"loc":{"start":{"line":150,"column":57},"end":{"line":150,"column":3}}},"14":{"name":"increaseFee","line":160,"loc":{"start":{"line":160,"column":44},"end":{"line":160,"column":3}}},"15":{"name":"addToWhiteList","line":169,"loc":{"start":{"line":169,"column":70},"end":{"line":169,"column":3}}},"16":{"name":"removeFromWhiteList","line":174,"loc":{"start":{"line":174,"column":75},"end":{"line":174,"column":3}}},"17":{"name":"inWhiteList","line":179,"loc":{"start":{"line":179,"column":4},"end":{"line":179,"column":74}}},"18":{"name":"inAnyWhiteList","line":183,"loc":{"start":{"line":183,"column":4},"end":{"line":183,"column":65}}},"19":{"name":"updateBurner","line":187,"loc":{"start":{"line":187,"column":56},"end":{"line":187,"column":18}}},"20":{"name":"updateMinter","line":192,"loc":{"start":{"line":192,"column":56},"end":{"line":192,"column":18}}},"21":{"name":"updateFeeHolder","line":197,"loc":{"start":{"line":197,"column":59},"end":{"line":197,"column":19}}},"22":{"name":"isFeeExempt","line":202,"loc":{"start":{"line":202,"column":4},"end":{"line":202,"column":74}}},"23":{"name":"pauseContract","line":206,"loc":{"start":{"line":206,"column":46},"end":{"line":206,"column":3}}},"24":{"name":"onlyBurner","line":214,"loc":{"start":{"line":214,"column":4},"end":{"line":214,"column":23}}},"25":{"name":"onlyMinter","line":219,"loc":{"start":{"line":219,"column":4},"end":{"line":219,"column":23}}}},"statementMap":{"1":{"start":{"line":41,"column":8},"end":{"line":41,"column":27}},"2":{"start":{"line":45,"column":8},"end":{"line":45,"column":26}},"3":{"start":{"line":50,"column":8},"end":{"line":50,"column":16}},"4":{"start":{"line":54,"column":8},"end":{"line":54,"column":27}},"5":{"start":{"line":58,"column":8},"end":{"line":58,"column":31}},"6":{"start":{"line":62,"column":8},"end":{"line":62,"column":49}},"7":{"start":{"line":63,"column":8},"end":{"line":63,"column":54}},"8":{"start":{"line":64,"column":8},"end":{"line":64,"column":58}},"9":{"start":{"line":65,"column":8},"end":{"line":65,"column":62}},"10":{"start":{"line":67,"column":8},"end":{"line":67,"column":1807}},"11":{"start":{"line":68,"column":12},"end":{"line":68,"column":55}},"12":{"start":{"line":69,"column":12},"end":{"line":69,"column":51}},"13":{"start":{"line":71,"column":12},"end":{"line":71,"column":42}},"14":{"start":{"line":73,"column":12},"end":{"line":73,"column":42}},"15":{"start":{"line":74,"column":12},"end":{"line":74,"column":61}},"16":{"start":{"line":76,"column":12},"end":{"line":76,"column":2168}},"17":{"start":{"line":77,"column":16},"end":{"line":77,"column":27}},"18":{"start":{"line":80,"column":12},"end":{"line":80,"column":55}},"19":{"start":{"line":81,"column":12},"end":{"line":81,"column":68}},"20":{"start":{"line":82,"column":12},"end":{"line":82,"column":65}},"21":{"start":{"line":84,"column":12},"end":{"line":84,"column":56}},"22":{"start":{"line":85,"column":12},"end":{"line":85,"column":52}},"23":{"start":{"line":90,"column":8},"end":{"line":90,"column":39}},"24":{"start":{"line":91,"column":8},"end":{"line":91,"column":19}},"25":{"start":{"line":95,"column":8},"end":{"line":95,"column":44}},"26":{"start":{"line":99,"column":8},"end":{"line":99,"column":51}},"27":{"start":{"line":101,"column":8},"end":{"line":101,"column":73}},"28":{"start":{"line":102,"column":8},"end":{"line":102,"column":33}},"29":{"start":{"line":104,"column":8},"end":{"line":104,"column":67}},"30":{"start":{"line":105,"column":8},"end":{"line":105,"column":19}},"31":{"start":{"line":109,"column":8},"end":{"line":109,"column":56}},"32":{"start":{"line":111,"column":8},"end":{"line":111,"column":44}},"33":{"start":{"line":112,"column":8},"end":{"line":112,"column":49}},"34":{"start":{"line":113,"column":8},"end":{"line":113,"column":19}},"35":{"start":{"line":117,"column":8},"end":{"line":117,"column":86}},"36":{"start":{"line":118,"column":8},"end":{"line":118,"column":47}},"37":{"start":{"line":121,"column":8},"end":{"line":121,"column":74}},"38":{"start":{"line":123,"column":8},"end":{"line":123,"column":34}},"39":{"start":{"line":124,"column":8},"end":{"line":124,"column":53}},"40":{"start":{"line":126,"column":8},"end":{"line":126,"column":39}},"41":{"start":{"line":127,"column":8},"end":{"line":127,"column":45}},"42":{"start":{"line":129,"column":8},"end":{"line":129,"column":47}},"43":{"start":{"line":130,"column":8},"end":{"line":130,"column":34}},"44":{"start":{"line":134,"column":8},"end":{"line":134,"column":86}},"45":{"start":{"line":135,"column":8},"end":{"line":135,"column":54}},"46":{"start":{"line":136,"column":8},"end":{"line":136,"column":61}},"47":{"start":{"line":138,"column":8},"end":{"line":138,"column":38}},"48":{"start":{"line":139,"column":8},"end":{"line":139,"column":39}},"49":{"start":{"line":141,"column":8},"end":{"line":141,"column":45}},"50":{"start":{"line":142,"column":8},"end":{"line":142,"column":47}},"51":{"start":{"line":144,"column":8},"end":{"line":144,"column":39}},"52":{"start":{"line":145,"column":8},"end":{"line":145,"column":34}},"53":{"start":{"line":147,"column":8},"end":{"line":147,"column":19}},"54":{"start":{"line":151,"column":8},"end":{"line":151,"column":68}},"55":{"start":{"line":152,"column":8},"end":{"line":152,"column":71}},"56":{"start":{"line":154,"column":8},"end":{"line":154,"column":25}},"57":{"start":{"line":155,"column":8},"end":{"line":155,"column":18}},"58":{"start":{"line":157,"column":8},"end":{"line":157,"column":28}},"59":{"start":{"line":161,"column":8},"end":{"line":161,"column":95}},"60":{"start":{"line":163,"column":8},"end":{"line":163,"column":25}},"61":{"start":{"line":164,"column":8},"end":{"line":164,"column":34}},"62":{"start":{"line":166,"column":8},"end":{"line":166,"column":28}},"63":{"start":{"line":170,"column":8},"end":{"line":170,"column":52}},"64":{"start":{"line":171,"column":8},"end":{"line":171,"column":36}},"65":{"start":{"line":175,"column":8},"end":{"line":175,"column":52}},"66":{"start":{"line":180,"column":8},"end":{"line":180,"column":81}},"67":{"start":{"line":184,"column":8},"end":{"line":184,"column":107}},"68":{"start":{"line":188,"column":8},"end":{"line":188,"column":52}},"69":{"start":{"line":189,"column":8},"end":{"line":189,"column":19}},"70":{"start":{"line":193,"column":8},"end":{"line":193,"column":52}},"71":{"start":{"line":194,"column":8},"end":{"line":194,"column":19}},"72":{"start":{"line":198,"column":8},"end":{"line":198,"column":52}},"73":{"start":{"line":199,"column":8},"end":{"line":199,"column":22}},"74":{"start":{"line":203,"column":8},"end":{"line":203,"column":115}},"75":{"start":{"line":207,"column":8},"end":{"line":207,"column":20}},"76":{"start":{"line":215,"column":8},"end":{"line":215,"column":62}},"77":{"start":{"line":220,"column":8},"end":{"line":220,"column":62}}},"branchMap":{"1":{"line":62,"type":"if","locations":[{"start":{"line":62,"column":8},"end":{"line":62,"column":8}},{"start":{"line":62,"column":8},"end":{"line":62,"column":8}}]},"2":{"line":63,"type":"if","locations":[{"start":{"line":63,"column":8},"end":{"line":63,"column":8}},{"start":{"line":63,"column":8},"end":{"line":63,"column":8}}]},"3":{"line":64,"type":"if","locations":[{"start":{"line":64,"column":8},"end":{"line":64,"column":8}},{"start":{"line":64,"column":8},"end":{"line":64,"column":8}}]},"4":{"line":65,"type":"if","locations":[{"start":{"line":65,"column":8},"end":{"line":65,"column":8}},{"start":{"line":65,"column":8},"end":{"line":65,"column":8}}]},"5":{"line":67,"type":"if","locations":[{"start":{"line":67,"column":8},"end":{"line":67,"column":8}},{"start":{"line":67,"column":8},"end":{"line":67,"column":8}}]},"6":{"line":76,"type":"if","locations":[{"start":{"line":76,"column":12},"end":{"line":76,"column":12}},{"start":{"line":76,"column":12},"end":{"line":76,"column":12}}]},"7":{"line":99,"type":"if","locations":[{"start":{"line":99,"column":8},"end":{"line":99,"column":8}},{"start":{"line":99,"column":8},"end":{"line":99,"column":8}}]},"8":{"line":109,"type":"if","locations":[{"start":{"line":109,"column":8},"end":{"line":109,"column":8}},{"start":{"line":109,"column":8},"end":{"line":109,"column":8}}]},"9":{"line":117,"type":"if","locations":[{"start":{"line":117,"column":8},"end":{"line":117,"column":8}},{"start":{"line":117,"column":8},"end":{"line":117,"column":8}}]},"10":{"line":121,"type":"if","locations":[{"start":{"line":121,"column":8},"end":{"line":121,"column":8}},{"start":{"line":121,"column":8},"end":{"line":121,"column":8}}]},"11":{"line":134,"type":"if","locations":[{"start":{"line":134,"column":8},"end":{"line":134,"column":8}},{"start":{"line":134,"column":8},"end":{"line":134,"column":8}}]},"12":{"line":135,"type":"if","locations":[{"start":{"line":135,"column":8},"end":{"line":135,"column":8}},{"start":{"line":135,"column":8},"end":{"line":135,"column":8}}]},"13":{"line":136,"type":"if","locations":[{"start":{"line":136,"column":8},"end":{"line":136,"column":8}},{"start":{"line":136,"column":8},"end":{"line":136,"column":8}}]},"14":{"line":151,"type":"if","locations":[{"start":{"line":151,"column":8},"end":{"line":151,"column":8}},{"start":{"line":151,"column":8},"end":{"line":151,"column":8}}]},"15":{"line":152,"type":"if","locations":[{"start":{"line":152,"column":8},"end":{"line":152,"column":8}},{"start":{"line":152,"column":8},"end":{"line":152,"column":8}}]},"16":{"line":161,"type":"if","locations":[{"start":{"line":161,"column":8},"end":{"line":161,"column":8}},{"start":{"line":161,"column":8},"end":{"line":161,"column":8}}]},"17":{"line":170,"type":"if","locations":[{"start":{"line":170,"column":8},"end":{"line":170,"column":8}},{"start":{"line":170,"column":8},"end":{"line":170,"column":8}}]},"18":{"line":175,"type":"if","locations":[{"start":{"line":175,"column":8},"end":{"line":175,"column":8}},{"start":{"line":175,"column":8},"end":{"line":175,"column":8}}]},"19":{"line":188,"type":"if","locations":[{"start":{"line":188,"column":8},"end":{"line":188,"column":8}},{"start":{"line":188,"column":8},"end":{"line":188,"column":8}}]},"20":{"line":193,"type":"if","locations":[{"start":{"line":193,"column":8},"end":{"line":193,"column":8}},{"start":{"line":193,"column":8},"end":{"line":193,"column":8}}]},"21":{"line":198,"type":"if","locations":[{"start":{"line":198,"column":8},"end":{"line":198,"column":8}},{"start":{"line":198,"column":8},"end":{"line":198,"column":8}}]},"22":{"line":215,"type":"if","locations":[{"start":{"line":215,"column":8},"end":{"line":215,"column":8}},{"start":{"line":215,"column":8},"end":{"line":215,"column":8}}]},"23":{"line":220,"type":"if","locations":[{"start":{"line":220,"column":8},"end":{"line":220,"column":8}},{"start":{"line":220,"column":8},"end":{"line":220,"column":8}}]}}},"contracts/Gold.sol":{"l":{"8":1,"12":1,"16":32,"17":32,"20":32,"21":32,"22":32,"23":32},"path":"/home/lucascullen/GitHub/GoldSilverStandard/ERC20/src/contracts/Gold.sol","s":{"1":1,"2":1,"3":32,"4":32,"5":32,"6":32,"7":32,"8":32},"b":{},"f":{"1":1,"2":1,"3":32},"fnMap":{"1":{"name":"symbol","line":7,"loc":{"start":{"line":7,"column":4},"end":{"line":7,"column":55}}},"2":{"name":"name","line":11,"loc":{"start":{"line":11,"column":4},"end":{"line":11,"column":53}}},"3":{"name":"constructor","line":15,"loc":{"start":{"line":15,"column":4},"end":{"line":15,"column":22}}}},"statementMap":{"1":{"start":{"line":8,"column":8},"end":{"line":8,"column":20}},"2":{"start":{"line":12,"column":8},"end":{"line":12,"column":30}},"3":{"start":{"line":16,"column":8},"end":{"line":16,"column":15}},"4":{"start":{"line":17,"column":8},"end":{"line":17,"column":23}},"5":{"start":{"line":20,"column":8},"end":{"line":20,"column":26}},"6":{"start":{"line":21,"column":8},"end":{"line":21,"column":26}},"7":{"start":{"line":22,"column":8},"end":{"line":22,"column":29}},"8":{"start":{"line":23,"column":8},"end":{"line":23,"column":21}}},"branchMap":{}},"contracts/IERC20.sol":{"l":{},"path":"/home/lucascullen/GitHub/GoldSilverStandard/ERC20/src/contracts/IERC20.sol","s":{},"b":{},"f":{},"fnMap":{},"statementMap":{},"branchMap":{}},"contracts/Ownable.sol":{"l":{"9":35,"13":21,"14":21,"18":0,"19":0,"20":0},"path":"/home/lucascullen/GitHub/GoldSilverStandard/ERC20/src/contracts/Ownable.sol","s":{"1":35,"2":21,"3":0,"4":0,"5":0},"b":{"1":[21,0],"2":[0,0]},"f":{"1":35,"2":21,"3":0},"fnMap":{"1":{"name":"constructor","line":8,"loc":{"start":{"line":8,"column":4},"end":{"line":8,"column":22}}},"2":{"name":"onlyOwner","line":12,"loc":{"start":{"line":12,"column":4},"end":{"line":12,"column":22}}},"3":{"name":"transferOwnership","line":17,"loc":{"start":{"line":17,"column":64},"end":{"line":17,"column":3}}}},"statementMap":{"1":{"start":{"line":9,"column":8},"end":{"line":9,"column":25}},"2":{"start":{"line":13,"column":8},"end":{"line":13,"column":82}},"3":{"start":{"line":18,"column":8},"end":{"line":18,"column":57}},"4":{"start":{"line":19,"column":8},"end":{"line":19,"column":50}},"5":{"start":{"line":20,"column":8},"end":{"line":20,"column":23}}},"branchMap":{"1":{"line":13,"type":"if","locations":[{"start":{"line":13,"column":8},"end":{"line":13,"column":8}},{"start":{"line":13,"column":8},"end":{"line":13,"column":8}}]},"2":{"line":18,"type":"if","locations":[{"start":{"line":18,"column":8},"end":{"line":18,"column":8}},{"start":{"line":18,"column":8},"end":{"line":18,"column":8}}]}}},"contracts/SafeMath.sol":{"l":{"28":72,"29":72,"31":72,"44":18,"57":18,"58":18,"60":18,"76":1,"77":0,"80":1,"81":1,"83":1,"98":1,"114":1,"115":1,"118":1,"133":0,"148":0,"149":0},"path":"/home/lucascullen/GitHub/GoldSilverStandard/ERC20/src/contracts/SafeMath.sol","s":{"1":72,"2":72,"3":72,"4":18,"5":18,"6":18,"7":18,"8":1,"9":0,"10":1,"11":1,"12":1,"13":1,"14":1,"15":1,"16":1,"17":0,"18":0,"19":0},"b":{"1":[72,0],"2":[18,0],"3":[0,1],"4":[1,0],"5":[1,0],"6":[0,0]},"f":{"1":72,"2":18,"3":18,"4":1,"5":1,"6":1,"7":0,"8":0},"fnMap":{"1":{"name":"add","line":27,"loc":{"start":{"line":27,"column":4},"end":{"line":27,"column":68}}},"2":{"name":"sub","line":43,"loc":{"start":{"line":43,"column":4},"end":{"line":43,"column":68}}},"3":{"name":"sub","line":56,"loc":{"start":{"line":56,"column":4},"end":{"line":56,"column":96}}},"4":{"name":"mul","line":72,"loc":{"start":{"line":72,"column":4},"end":{"line":72,"column":68}}},"5":{"name":"div","line":97,"loc":{"start":{"line":97,"column":4},"end":{"line":97,"column":68}}},"6":{"name":"div","line":112,"loc":{"start":{"line":112,"column":4},"end":{"line":112,"column":96}}},"7":{"name":"mod","line":132,"loc":{"start":{"line":132,"column":4},"end":{"line":132,"column":68}}},"8":{"name":"mod","line":147,"loc":{"start":{"line":147,"column":4},"end":{"line":147,"column":96}}}},"statementMap":{"1":{"start":{"line":28,"column":8},"end":{"line":28,"column":25}},"2":{"start":{"line":29,"column":8},"end":{"line":29,"column":53}},"3":{"start":{"line":31,"column":8},"end":{"line":31,"column":16}},"4":{"start":{"line":44,"column":8},"end":{"line":44,"column":58}},"5":{"start":{"line":57,"column":8},"end":{"line":57,"column":36}},"6":{"start":{"line":58,"column":8},"end":{"line":58,"column":25}},"7":{"start":{"line":60,"column":8},"end":{"line":60,"column":16}},"8":{"start":{"line":76,"column":8},"end":{"line":76,"column":2530}},"9":{"start":{"line":77,"column":12},"end":{"line":77,"column":20}},"10":{"start":{"line":80,"column":8},"end":{"line":80,"column":25}},"11":{"start":{"line":81,"column":8},"end":{"line":81,"column":63}},"12":{"start":{"line":83,"column":8},"end":{"line":83,"column":16}},"13":{"start":{"line":98,"column":8},"end":{"line":98,"column":54}},"14":{"start":{"line":114,"column":8},"end":{"line":114,"column":35}},"15":{"start":{"line":115,"column":8},"end":{"line":115,"column":25}},"16":{"start":{"line":118,"column":8},"end":{"line":118,"column":16}},"17":{"start":{"line":133,"column":8},"end":{"line":133,"column":52}},"18":{"start":{"line":148,"column":8},"end":{"line":148,"column":36}},"19":{"start":{"line":149,"column":8},"end":{"line":149,"column":20}}},"branchMap":{"1":{"line":29,"type":"if","locations":[{"start":{"line":29,"column":8},"end":{"line":29,"column":8}},{"start":{"line":29,"column":8},"end":{"line":29,"column":8}}]},"2":{"line":57,"type":"if","locations":[{"start":{"line":57,"column":8},"end":{"line":57,"column":8}},{"start":{"line":57,"column":8},"end":{"line":57,"column":8}}]},"3":{"line":76,"type":"if","locations":[{"start":{"line":76,"column":8},"end":{"line":76,"column":8}},{"start":{"line":76,"column":8},"end":{"line":76,"column":8}}]},"4":{"line":81,"type":"if","locations":[{"start":{"line":81,"column":8},"end":{"line":81,"column":8}},{"start":{"line":81,"column":8},"end":{"line":81,"column":8}}]},"5":{"line":114,"type":"if","locations":[{"start":{"line":114,"column":8},"end":{"line":114,"column":8}},{"start":{"line":114,"column":8},"end":{"line":114,"column":8}}]},"6":{"line":148,"type":"if","locations":[{"start":{"line":148,"column":8},"end":{"line":148,"column":8}},{"start":{"line":148,"column":8},"end":{"line":148,"column":8}}]}}},"contracts/Silver.sol":{"l":{"8":0,"12":0,"16":3,"17":3,"20":3,"21":3,"22":3,"23":3},"path":"/home/lucascullen/GitHub/GoldSilverStandard/ERC20/src/contracts/Silver.sol","s":{"1":0,"2":0,"3":3,"4":3,"5":3,"6":3,"7":3,"8":3},"b":{},"f":{"1":0,"2":0,"3":3},"fnMap":{"1":{"name":"symbol","line":7,"loc":{"start":{"line":7,"column":4},"end":{"line":7,"column":55}}},"2":{"name":"name","line":11,"loc":{"start":{"line":11,"column":4},"end":{"line":11,"column":53}}},"3":{"name":"constructor","line":15,"loc":{"start":{"line":15,"column":4},"end":{"line":15,"column":22}}}},"statementMap":{"1":{"start":{"line":8,"column":8},"end":{"line":8,"column":20}},"2":{"start":{"line":12,"column":8},"end":{"line":12,"column":32}},"3":{"start":{"line":16,"column":8},"end":{"line":16,"column":15}},"4":{"start":{"line":17,"column":8},"end":{"line":17,"column":23}},"5":{"start":{"line":20,"column":8},"end":{"line":20,"column":26}},"6":{"start":{"line":21,"column":8},"end":{"line":21,"column":26}},"7":{"start":{"line":22,"column":8},"end":{"line":22,"column":29}},"8":{"start":{"line":23,"column":8},"end":{"line":23,"column":21}}},"branchMap":{}}}